<<<<<<< HEAD
2019-10-30-main-ERROR-com.cg.BankingSystem.dao.AdminDaoImpl:InvalidCredentialsException thrown is AdminDao.authenticateUser() method with cause: Invalid Credentials! Please enter valid credentials.
2019-10-30-main-INFO -com.cg.BankingSystem.dao.AdminDaoImpl:Admin logged in successfully at: 2019-10-30T16:49:59.260
2019-10-30-main-INFO -com.cg.BankingSystem.dao.AdminDaoImpl:Create new account method initiated in DAO Layer.
2019-10-30-main-INFO -com.cg.BankingSystem.dao.AdminDaoImpl:AdminDao.createNewAccount(): New account added to account_master table for creating new account.
2019-10-30-main-INFO -com.cg.BankingSystem.dao.AdminDaoImpl:AdminDao.createNewAccount(): User details for CC123 entered in account_master table.
2019-10-30-main-INFO -com.cg.BankingSystem.dao.AdminDaoImpl:AdminDao.createNewAccount(): New account added to customer table for creating new account.
2019-10-30-main-INFO -com.cg.BankingSystem.dao.AdminDaoImpl:AdminDao.createNewAccount(): User details for CC123 entered in customer table.
2019-10-30-main-INFO -com.cg.BankingSystem.dao.AdminDaoImpl:AdminDao.createNewAccount(): New account added to user_table for creating new account.
2019-10-30-main-INFO -com.cg.BankingSystem.dao.AdminDaoImpl:AdminDao.createNewAccount(): User details for CC123 entered in user_table.
2019-10-30-main-INFO -com.cg.BankingSystem.dao.AdminDaoImpl:Admin logged in successfully at: 2019-10-30T16:56:55.925
2019-10-30-main-INFO -com.cg.BankingSystem.dao.AdminDaoImpl:Create new account method initiated in DAO Layer.
2019-10-30-main-INFO -com.cg.BankingSystem.dao.AdminDaoImpl:AdminDao.createNewAccount(): New account added to account_master table for creating new account.
2019-10-30-main-INFO -com.cg.BankingSystem.dao.AdminDaoImpl:AdminDao.createNewAccount(): User details for CC124 entered in account_master table.
2019-10-30-main-INFO -com.cg.BankingSystem.dao.AdminDaoImpl:AdminDao.createNewAccount(): New account added to customer table for creating new account.
2019-10-30-main-INFO -com.cg.BankingSystem.dao.AdminDaoImpl:AdminDao.createNewAccount(): User details for CC124 entered in customer table.
2019-10-30-main-INFO -com.cg.BankingSystem.dao.AdminDaoImpl:AdminDao.createNewAccount(): New account added to user_table for creating new account.
2019-10-30-main-INFO -com.cg.BankingSystem.dao.AdminDaoImpl:AdminDao.createNewAccount(): User details for CC124 entered in user_table.
2019-10-30-main-INFO -com.cg.BankingSystem.dao.CustomerDaoImpl:Customer with user ID: CC123 logged in at: 2019-10-30T17:07:59.896
2019-10-30-main-INFO -com.cg.BankingSystem.dao.CustomerDaoImpl:Customer with user ID: CC123 logged in at: 2019-10-30T17:08:50.665
2019-10-30-main-INFO -com.cg.BankingSystem.dao.CustomerDaoImpl:Customer with account_id: 10 updated address successfully.
2019-10-30-main-INFO -com.cg.BankingSystem.dao.CustomerDaoImpl:Customer with user ID: CC123 logged in at: 2019-10-30T17:11:47.185
2019-10-30-main-INFO -com.cg.BankingSystem.dao.CustomerDaoImpl:Customer with account_id: 10 updated address successfully.
2019-10-30-main-INFO -com.cg.BankingSystem.dao.CustomerDaoImpl:Customer with user ID: CC123 logged in at: 2019-10-30T17:38:35.598
2019-10-30-main-INFO -com.cg.BankingSystem.dao.CustomerDaoImpl:CustomerDao.addNewBeneficiary(): Successfully added beneficiary to beneficiary_details table in database, for: 10
2019-10-30-main-INFO -com.cg.BankingSystem.dao.CustomerDaoImpl:CustomerDao.transferFund(): 100.0 debited from: 10. Attempting crediting into: 11
2019-10-30-main-ERROR-com.cg.BankingSystem.dao.CustomerDaoImpl:InternalServerException thrown in CustomerDao.transferFund() method with cause: ORA-02289: sequence does not exist

2019-10-30-main-INFO -com.cg.BankingSystem.dao.CustomerDaoImpl:CustomerDao.transferFund(): 100.0 debited from: 10. Attempting crediting into: 11
2019-10-30-main-INFO -com.cg.BankingSystem.dao.CustomerDaoImpl:CustomerDao.transferFund(): Transaction for amount: 100.0 from: 10 to: 11 completed successfully at: 2019-10-30T17:41:38.839
=======
2019-10-30-main-ERROR-com.cg.BankingSystem.dao.AdminDaoImpl:InternalServerException thrown is AdminDao.authenticateUser() method with cause: null
>>>>>>> a826178499a5b62a7509ba90de41ab3f00bc7546
2019-11-27-main-ERROR-com.cg.BankingSystem.dao.AdminDaoImpl:InternalServerException thrown is AdminDao.authenticateUser() method with cause: ORA-00942: table or view does not exist

2019-11-27-main-ERROR-com.cg.BankingSystem.dao.AdminDaoImpl:InvalidCredentialsException thrown is AdminDao.authenticateUser() method with cause: Invalid Credentials! Please enter valid credentials.
2019-11-27-main-ERROR-com.cg.BankingSystem.dao.AdminDaoImpl:InvalidCredentialsException thrown is AdminDao.authenticateUser() method with cause: Invalid Credentials! Please enter valid credentials.
2019-11-27-main-ERROR-com.cg.BankingSystem.dao.AdminDaoImpl:InvalidCredentialsException thrown is AdminDao.authenticateUser() method with cause: Invalid Credentials! Please enter valid credentials.
2019-11-27-main-ERROR-com.cg.BankingSystem.dao.AdminDaoImpl:InvalidCredentialsException thrown is AdminDao.authenticateUser() method with cause: Invalid Credentials! Please enter valid credentials.
2019-11-27-main-INFO -com.cg.BankingSystem.dao.AdminDaoImpl:Admin logged in successfully at: 2019-11-27T15:46:26.406589600
2019-11-27-main-INFO -com.cg.BankingSystem.dao.AdminDaoImpl:Create new account method initiated in DAO Layer.
2019-11-27-main-ERROR-com.cg.BankingSystem.dao.AdminDaoImpl:InternalServerException thrown is AdminDao.createNewAccount() method with cause: ORA-02289: sequence does not exist

2019-11-27-main-INFO -com.cg.BankingSystem.dao.AdminDaoImpl:Create new account method initiated in DAO Layer.
2019-11-27-main-INFO -com.cg.BankingSystem.dao.AdminDaoImpl:AdminDao.createNewAccount(): New account added to account_master table for creating new account.
2019-11-27-main-INFO -com.cg.BankingSystem.dao.AdminDaoImpl:AdminDao.createNewAccount(): User details for CC1234R entered in account_master table.
2019-11-27-main-INFO -com.cg.BankingSystem.dao.AdminDaoImpl:AdminDao.createNewAccount(): New account added to customer table for creating new account.
2019-11-27-main-INFO -com.cg.BankingSystem.dao.AdminDaoImpl:AdminDao.createNewAccount(): User details for CC1234R entered in customer table.
2019-11-27-main-INFO -com.cg.BankingSystem.dao.AdminDaoImpl:AdminDao.createNewAccount(): New account added to user_table for creating new account.
2019-11-27-main-INFO -com.cg.BankingSystem.dao.AdminDaoImpl:AdminDao.createNewAccount(): User details for CC1234R entered in user_table.
2019-11-27-main-INFO -com.cg.BankingSystem.dao.AdminDaoImpl:Create new account method initiated in DAO Layer.
2019-11-27-main-INFO -com.cg.BankingSystem.dao.AdminDaoImpl:AdminDao.createNewAccount(): New account added to account_master table for creating new account.
2019-11-27-main-INFO -com.cg.BankingSystem.dao.AdminDaoImpl:AdminDao.createNewAccount(): User details for CC765 entered in account_master table.
2019-11-27-main-INFO -com.cg.BankingSystem.dao.AdminDaoImpl:AdminDao.createNewAccount(): New account added to customer table for creating new account.
2019-11-27-main-INFO -com.cg.BankingSystem.dao.AdminDaoImpl:AdminDao.createNewAccount(): User details for CC765 entered in customer table.
2019-11-27-main-INFO -com.cg.BankingSystem.dao.AdminDaoImpl:AdminDao.createNewAccount(): New account added to user_table for creating new account.
2019-11-27-main-INFO -com.cg.BankingSystem.dao.AdminDaoImpl:AdminDao.createNewAccount(): User details for CC765 entered in user_table.
2019-11-27-main-INFO -com.cg.BankingSystem.dao.AdminDaoImpl:Create new account method initiated in DAO Layer.
2019-11-27-main-INFO -com.cg.BankingSystem.dao.AdminDaoImpl:AdminDao.createNewAccount(): New account added to account_master table for creating new account.
2019-11-27-main-INFO -com.cg.BankingSystem.dao.AdminDaoImpl:AdminDao.createNewAccount(): User details for CC1234N entered in account_master table.
2019-11-27-main-INFO -com.cg.BankingSystem.dao.AdminDaoImpl:AdminDao.createNewAccount(): New account added to customer table for creating new account.
2019-11-27-main-INFO -com.cg.BankingSystem.dao.AdminDaoImpl:AdminDao.createNewAccount(): User details for CC1234N entered in customer table.
2019-11-27-main-ERROR-com.cg.BankingSystem.dao.AdminDaoImpl:AdminDao.createNewAccount(): User Details for CC1234N could not be updated in user_table. Rolling back from account_master and customer tables.
2019-11-27-main-ERROR-com.cg.BankingSystem.dao.AdminDaoImpl:InternalServerException thrown is AdminDao.createNewAccount() method with cause: ORA-12899: value too large for column "BANKING"."USER_TABLE"."PASSWORD" (actual: 16, maximum: 15)

2019-11-27-main-INFO -com.cg.BankingSystem.dao.AdminDaoImpl:Admin logged in successfully at: 2019-11-27T16:17:24.281531700
2019-11-27-main-INFO -com.cg.BankingSystem.dao.AdminDaoImpl:Create new account method initiated in DAO Layer.
2019-11-27-main-INFO -com.cg.BankingSystem.dao.AdminDaoImpl:AdminDao.createNewAccount(): New account added to account_master table for creating new account.
2019-11-27-main-INFO -com.cg.BankingSystem.dao.AdminDaoImpl:AdminDao.createNewAccount(): User details for CC768S entered in account_master table.
2019-11-27-main-INFO -com.cg.BankingSystem.dao.AdminDaoImpl:AdminDao.createNewAccount(): New account added to customer table for creating new account.
2019-11-27-main-INFO -com.cg.BankingSystem.dao.AdminDaoImpl:AdminDao.createNewAccount(): User details for CC768S entered in customer table.
2019-11-27-main-INFO -com.cg.BankingSystem.dao.AdminDaoImpl:AdminDao.createNewAccount(): New account added to user_table for creating new account.
2019-11-27-main-INFO -com.cg.BankingSystem.dao.AdminDaoImpl:AdminDao.createNewAccount(): User details for CC768S entered in user_table.
2019-11-27-main-ERROR-com.cg.BankingSystem.dao.AdminDaoImpl:UserNotFoundException thrown is AdminDao.findCustomer() method with cause: No users found with ID: CC123S
2019-11-27-main-INFO -com.cg.BankingSystem.dao.AdminDaoImpl:AdminDao.findCustomer(): Details fetched from user_table successfully.
2019-11-27-main-INFO -com.cg.BankingSystem.dao.AdminDaoImpl:AdminDao.findCustomer(): Details fetched from customer and account_master tables successfully.
2019-11-27-main-INFO -com.cg.BankingSystem.dao.AdminDaoImpl:AdminDao.saveExistingUser(): Adding new account into accounts_master table for existing user successful.
2019-11-27-main-INFO -com.cg.BankingSystem.dao.AdminDaoImpl:AdminDao.findCustomer(): Details fetched from user_table successfully.
2019-11-27-main-INFO -com.cg.BankingSystem.dao.AdminDaoImpl:AdminDao.findCustomer(): Details fetched from customer and account_master tables successfully.
2019-11-27-main-INFO -com.cg.BankingSystem.dao.AdminDaoImpl:AdminDao.saveExistingUser(): Adding new account into accounts_master table for existing user successful.
2019-11-27-main-ERROR-com.cg.BankingSystem.dao.AdminDaoImpl:NoTransactionsExistException thrown is AdminDao.listTransactions() method with cause: No transactions found for user: 1000000000
2019-11-27-main-INFO -com.cg.BankingSystem.dao.CustomerDaoImpl:Customer with user ID: CC768S logged in at: 2019-11-27T16:28:17.978374800
2019-11-27-main-ERROR-com.cg.BankingSystem.dao.CustomerDaoImpl:InternalServerException thrown in CustomerDao.requestForCheckBook() method with cause: ORA-02289: sequence does not exist

2019-11-27-main-INFO -com.cg.BankingSystem.dao.CustomerDaoImpl:Successfully added new cheque book service request to service_tracker table in database, with service_id: 1
2019-11-27-main-ERROR-com.cg.BankingSystem.dao.CustomerDaoImpl:NoTransactionsExistException thrown in CustomerDao.listTransactions() method with cause: No transactions found for user: 1000000002
2019-11-27-main-INFO -com.cg.BankingSystem.dao.CustomerDaoImpl:CustomerDao.addNewBeneficiary(): Successfully added beneficiary to beneficiary_details table in database, for: 1000000002
2019-11-27-main-INFO -com.cg.BankingSystem.dao.CustomerDaoImpl:InternalServerException thrown in CustomerDao.transferFund() with cause: Server Error, please try again later.
2019-11-27-main-INFO -com.cg.BankingSystem.dao.CustomerDaoImpl:Customer CC768S updated password successfully.
2019-11-27-main-ERROR-com.cg.BankingSystem.dao.AdminDaoImpl:InvalidCredentialsException thrown is AdminDao.authenticateUser() method with cause: Invalid Credentials! Please enter valid credentials.
2019-11-27-main-INFO -com.cg.BankingSystem.dao.AdminDaoImpl:Admin logged in successfully at: 2019-11-27T16:42:31.259188100
2019-11-27-main-ERROR-com.cg.BankingSystem.dao.AdminDaoImpl:NoTransactionsExistException thrown is AdminDao.listTransactions() method with cause: No transactions found for user: 10000000
2019-11-27-main-ERROR-com.cg.BankingSystem.dao.AdminDaoImpl:NoTransactionsExistException thrown is AdminDao.listTransactions() method with cause: No transactions found for user: 1000000002
2019-11-27-main-ERROR-com.cg.BankingSystem.dao.AdminDaoImpl:NoTransactionsExistException thrown is AdminDao.listTransactions() method with cause: No transactions found for user: 1000000000
2019-11-27-main-INFO -com.cg.BankingSystem.dao.AdminDaoImpl:Create new account method initiated in DAO Layer.
2019-11-27-main-INFO -com.cg.BankingSystem.dao.AdminDaoImpl:AdminDao.createNewAccount(): New account added to account_master table for creating new account.
2019-11-27-main-INFO -com.cg.BankingSystem.dao.AdminDaoImpl:AdminDao.createNewAccount(): User details for CCDAVID entered in account_master table.
2019-11-27-main-INFO -com.cg.BankingSystem.dao.AdminDaoImpl:AdminDao.createNewAccount(): New account added to customer table for creating new account.
2019-11-27-main-INFO -com.cg.BankingSystem.dao.AdminDaoImpl:AdminDao.createNewAccount(): User details for CCDAVID entered in customer table.
2019-11-27-main-INFO -com.cg.BankingSystem.dao.AdminDaoImpl:AdminDao.createNewAccount(): New account added to user_table for creating new account.
2019-11-27-main-INFO -com.cg.BankingSystem.dao.AdminDaoImpl:AdminDao.createNewAccount(): User details for CCDAVID entered in user_table.
2019-11-27-main-INFO -com.cg.BankingSystem.dao.CustomerDaoImpl:Customer with user ID: CCDAVID logged in at: 2019-11-27T16:46:13.084021700
2019-11-27-main-ERROR-com.cg.BankingSystem.dao.CustomerDaoImpl:AccountsNotFoundException thrown in CustomerDao.fetchOtherExistingAccount() method with cause: No Alternate account for this user.
2019-11-27-main-INFO -com.cg.BankingSystem.dao.CustomerDaoImpl:CustomerDao.addNewBeneficiary(): Successfully added beneficiary to beneficiary_details table in database, for: 1000000003
2019-11-27-main-INFO -com.cg.BankingSystem.dao.CustomerDaoImpl:InternalServerException thrown in CustomerDao.transferFund() with cause: Server Error, please try again later.
2019-11-27-main-INFO -com.cg.BankingSystem.dao.CustomerDaoImpl:InternalServerException thrown in CustomerDao.transferFund() with cause: Server Error, please try again later.
2019-11-27-main-INFO -com.cg.BankingSystem.dao.CustomerDaoImpl:CustomerDao.addNewBeneficiary(): Successfully added beneficiary to beneficiary_details table in database, for: 1000000003
2019-11-27-main-INFO -com.cg.BankingSystem.dao.CustomerDaoImpl:CustomerDao.transferFund(): 6000.0 debited from: 1000000003. Attempting crediting into: 1000000002
2019-11-27-main-ERROR-com.cg.BankingSystem.dao.CustomerDaoImpl:InternalServerException thrown in CustomerDao.transferFund() method with cause: ORA-02289: sequence does not exist

2019-11-27-main-INFO -com.cg.BankingSystem.dao.CustomerDaoImpl:CustomerDao.transferFund(): 6000.0 debited from: 1000000003. Attempting crediting into: 1000000002
2019-11-27-main-INFO -com.cg.BankingSystem.dao.CustomerDaoImpl:CustomerDao.transferFund(): Transaction for amount: 6000.0 from: 1000000003 to: 1000000002 completed successfully at: 2019-11-27T17:04:07.794661500
2019-11-27-main-INFO -com.cg.BankingSystem.dao.CustomerDaoImpl:Customer with user ID: CCDAVID logged in at: 2019-11-27T17:10:33.854765900
2019-11-27-main-INFO -com.cg.BankingSystem.dao.CustomerDaoImpl:Customer with user ID: CCDAVID logged in at: 2019-11-27T17:12:15.120053
2019-11-28-main-ERROR-com.cg.BankingSystem.dao.AdminDaoImpl:UserNotFoundException thrown is AdminDao.findCustomer() method with cause: No users found with ID: CC123
2019-11-28-main-INFO -com.cg.BankingSystem.dao.AdminDaoImpl:AdminDao.findCustomer(): Details fetched from user_table successfully.
2019-11-28-main-INFO -com.cg.BankingSystem.dao.AdminDaoImpl:AdminDao.findCustomer(): Details fetched from customer and account_master tables successfully.
2019-11-28-main-ERROR-com.cg.BankingSystem.dao.AdminDaoImpl:InvalidCredentialsException thrown is AdminDao.authenticateUser() method with cause: Invalid Credentials! Please enter valid credentials.
2019-11-28-main-INFO -com.cg.BankingSystem.dao.AdminDaoImpl:InternalServerException thrown is AdminDao.authenticateUser() method with cause: Server is facing issues, please try again later.
2019-11-28-main-INFO -com.cg.BankingSystem.dao.AdminDaoImpl:InternalServerException thrown is AdminDao.authenticateUser() method with cause: Server is facing issues, please try again later.
2019-11-28-main-INFO -com.cg.BankingSystem.dao.AdminDaoImpl:Admin logged in successfully at: 2019-11-28T09:55:48.413882800
2019-11-28-main-INFO -com.cg.BankingSystem.dao.AdminDaoImpl:Admin logged in successfully at: 2019-11-28T09:57:53.117942800
2019-11-28-main-INFO -com.cg.BankingSystem.dao.AdminDaoImpl:AdminDao.findCustomer(): Details fetched from user_table successfully.
2019-11-28-main-INFO -com.cg.BankingSystem.dao.AdminDaoImpl:AdminDao.findCustomer(): Details fetched from customer and account_master tables successfully.
2019-11-28-main-INFO -com.cg.BankingSystem.dao.AdminDaoImpl:AdminDao.saveExistingUser(): Adding new account into accounts_master table for existing user successful.
2019-11-28-main-INFO -com.cg.BankingSystem.dao.AdminDaoImpl:Create new account method initiated in DAO Layer.
2019-11-28-main-INFO -com.cg.BankingSystem.dao.AdminDaoImpl:AdminDao.createNewAccount(): New account added to account_master table for creating new account.
2019-11-28-main-INFO -com.cg.BankingSystem.dao.AdminDaoImpl:AdminDao.createNewAccount(): User details for CC890A entered in account_master table.
2019-11-28-main-INFO -com.cg.BankingSystem.dao.AdminDaoImpl:AdminDao.createNewAccount(): New account added to customer table for creating new account.
2019-11-28-main-INFO -com.cg.BankingSystem.dao.AdminDaoImpl:AdminDao.createNewAccount(): User details for CC890A entered in customer table.
2019-11-28-main-INFO -com.cg.BankingSystem.dao.AdminDaoImpl:AdminDao.createNewAccount(): New account added to user_table for creating new account.
2019-11-28-main-INFO -com.cg.BankingSystem.dao.AdminDaoImpl:AdminDao.createNewAccount(): User details for CC890A entered in user_table.
2019-11-28-main-ERROR-com.cg.BankingSystem.dao.AdminDaoImpl:NoTransactionsExistException thrown is AdminDao.listTransactions() method with cause: No transactions found for user: 1000000004
2019-11-28-main-INFO -com.cg.BankingSystem.dao.AdminDaoImpl:Admin logged in successfully at: 2019-11-28T10:04:04.233184600
2019-11-28-main-INFO -com.cg.BankingSystem.dao.AdminDaoImpl:Admin logged in successfully at: 2019-11-28T10:05:28.478234900
2019-11-28-main-INFO -com.cg.BankingSystem.dao.AdminDaoImpl:Admin logged in successfully at: 2019-11-28T10:07:42.045278200
2019-11-28-main-INFO -com.cg.BankingSystem.dao.AdminDaoImpl:Admin logged in successfully at: 2019-11-28T10:08:34.837952800
2019-11-28-main-ERROR-com.cg.BankingSystem.dao.AdminDaoImpl:NoTransactionsExistException thrown is AdminDao.listTransactions() method with cause: No transactions found for user: 100000002
2019-11-28-main-ERROR-com.cg.BankingSystem.dao.AdminDaoImpl:NoTransactionsExistException thrown is AdminDao.listTransactions() method with cause: No transactions found for user: 10000000002
2019-11-28-main-INFO -com.cg.BankingSystem.dao.CustomerDaoImpl:Customer with user ID: CC890A logged in at: 2019-11-28T10:11:44.716762900
2019-11-28-main-INFO -com.cg.BankingSystem.dao.CustomerDaoImpl:Customer with user ID: CC890A logged in at: 2019-11-28T10:15:52.374745700
2019-11-28-main-ERROR-com.cg.BankingSystem.dao.CustomerDaoImpl:NoTransactionsExistException thrown in CustomerDao.listTransactions() method with cause: No transactions found for user: 1000000004
2019-11-28-main-INFO -com.cg.BankingSystem.dao.CustomerDaoImpl:CustomerDao.addNewBeneficiary(): Successfully added beneficiary to beneficiary_details table in database, for: 1000000004
2019-11-28-main-INFO -com.cg.BankingSystem.dao.CustomerDaoImpl:InternalServerException thrown in CustomerDao.transferFund() with cause: Server Error, please try again later.
2019-11-28-main-INFO -com.cg.BankingSystem.dao.CustomerDaoImpl:CustomerDao.addNewBeneficiary(): Successfully added beneficiary to beneficiary_details table in database, for: 1000000004
2019-11-28-main-INFO -com.cg.BankingSystem.dao.CustomerDaoImpl:CustomerDao.transferFund(): 1500.0 debited from: 1000000004. Attempting crediting into: 1000000004
2019-11-28-main-INFO -com.cg.BankingSystem.dao.CustomerDaoImpl:CustomerDao.transferFund(): Transaction for amount: 1500.0 from: 1000000004 to: 1000000004 completed successfully at: 2019-11-28T10:18:33.518045700
2019-11-28-main-ERROR-com.cg.BankingSystem.dao.AdminDaoImpl:InvalidCredentialsException thrown is AdminDao.authenticateUser() method with cause: Invalid Credentials! Please enter valid credentials.
2019-11-28-main-INFO -com.cg.BankingSystem.dao.AdminDaoImpl:AdminDao.findCustomer(): Details fetched from user_table successfully.
2019-11-28-main-INFO -com.cg.BankingSystem.dao.AdminDaoImpl:AdminDao.findCustomer(): Details fetched from customer and account_master tables successfully.
2019-11-28-main-ERROR-com.cg.BankingSystem.dao.AdminDaoImpl:InvalidCredentialsException thrown is AdminDao.authenticateUser() method with cause: Invalid Credentials! Please enter valid credentials.
2019-11-28-main-INFO -com.cg.BankingSystem.dao.AdminDaoImpl:AdminDao.findCustomer(): Details fetched from user_table successfully.
2019-11-28-main-INFO -com.cg.BankingSystem.dao.AdminDaoImpl:AdminDao.findCustomer(): Details fetched from customer and account_master tables successfully.
2019-11-28-main-INFO -com.cg.BankingSystem.dao.AdminDaoImpl:Admin logged in successfully at: 2019-11-28T10:23:25.017445200
2019-11-28-main-INFO -com.cg.BankingSystem.dao.AdminDaoImpl:AdminDao.findCustomer(): Details fetched from user_table successfully.
2019-11-28-main-INFO -com.cg.BankingSystem.dao.AdminDaoImpl:AdminDao.findCustomer(): Details fetched from customer and account_master tables successfully.
2019-11-28-main-INFO -com.cg.BankingSystem.dao.AdminDaoImpl:AdminDao.findCustomer(): Details fetched from user_table successfully.
2019-11-28-main-INFO -com.cg.BankingSystem.dao.AdminDaoImpl:AdminDao.findCustomer(): Details fetched from customer and account_master tables successfully.
2019-11-28-main-INFO -com.cg.BankingSystem.dao.AdminDaoImpl:Admin updated the password
2019-11-28-main-INFO -com.cg.BankingSystem.dao.AdminDaoImpl:AdminDao.findCustomer(): Details fetched from user_table successfully.
2019-11-28-main-INFO -com.cg.BankingSystem.dao.AdminDaoImpl:AdminDao.findCustomer(): Details fetched from customer and account_master tables successfully.
2019-11-28-main-INFO -com.cg.BankingSystem.dao.AdminDaoImpl:Admin updated the password
2019-11-28-main-INFO -com.cg.BankingSystem.dao.AdminDaoImpl:Admin updated the password
2019-11-28-main-INFO -com.cg.BankingSystem.dao.AdminDaoImpl:Create new account method initiated in DAO Layer.
2019-11-28-main-INFO -com.cg.BankingSystem.dao.AdminDaoImpl:AdminDao.createNewAccount(): New account added to account_master table for creating new account.
2019-11-28-main-INFO -com.cg.BankingSystem.dao.AdminDaoImpl:AdminDao.createNewAccount(): User details for CC185 entered in account_master table.
2019-11-28-main-INFO -com.cg.BankingSystem.dao.AdminDaoImpl:AdminDao.createNewAccount(): New account added to customer table for creating new account.
2019-11-28-main-INFO -com.cg.BankingSystem.dao.AdminDaoImpl:AdminDao.createNewAccount(): User details for CC185 entered in customer table.
2019-11-28-main-INFO -com.cg.BankingSystem.dao.AdminDaoImpl:AdminDao.createNewAccount(): New account added to user_table for creating new account.
2019-11-28-main-INFO -com.cg.BankingSystem.dao.AdminDaoImpl:AdminDao.createNewAccount(): User details for CC185 entered in user_table.
2019-11-28-main-INFO -com.cg.BankingSystem.dao.AdminDaoImpl:AdminDao.findCustomer(): Details fetched from user_table successfully.
2019-11-28-main-INFO -com.cg.BankingSystem.dao.AdminDaoImpl:AdminDao.findCustomer(): Details fetched from customer and account_master tables successfully.
2019-11-28-main-INFO -com.cg.BankingSystem.dao.AdminDaoImpl:AdminDao.saveExistingUser(): Adding new account into accounts_master table for existing user successful.
2019-11-28-main-INFO -com.cg.BankingSystem.dao.AdminDaoImpl:Create new account method initiated in DAO Layer.
2019-11-28-main-INFO -com.cg.BankingSystem.dao.AdminDaoImpl:AdminDao.createNewAccount(): New account added to account_master table for creating new account.
2019-11-28-main-INFO -com.cg.BankingSystem.dao.AdminDaoImpl:AdminDao.createNewAccount(): User details for CC185 entered in account_master table.
2019-11-28-main-INFO -com.cg.BankingSystem.dao.AdminDaoImpl:AdminDao.createNewAccount(): New account added to customer table for creating new account.
2019-11-28-main-INFO -com.cg.BankingSystem.dao.AdminDaoImpl:AdminDao.createNewAccount(): User details for CC185 entered in customer table.
2019-11-28-main-INFO -com.cg.BankingSystem.dao.AdminDaoImpl:AdminDao.createNewAccount(): New account added to user_table for creating new account.
2019-11-28-main-INFO -com.cg.BankingSystem.dao.AdminDaoImpl:AdminDao.createNewAccount(): User details for CC185 entered in user_table.
2019-11-28-main-ERROR-com.cg.BankingSystem.dao.AdminDaoImpl:NoTransactionsExistException thrown is AdminDao.listTransactions() method with cause: No transactions found for user: 1010
2019-11-28-main-ERROR-com.cg.BankingSystem.dao.AdminDaoImpl:InvalidCredentialsException thrown is AdminDao.authenticateUser() method with cause: Invalid Credentials! Please enter valid credentials.
2019-11-28-main-INFO -com.cg.BankingSystem.dao.AdminDaoImpl:AdminDao.findCustomer(): Details fetched from user_table successfully.
2019-11-28-main-INFO -com.cg.BankingSystem.dao.AdminDaoImpl:AdminDao.findCustomer(): Details fetched from customer and account_master tables successfully.
2019-11-28-main-INFO -com.cg.BankingSystem.dao.AdminDaoImpl:AdminDao.findCustomer(): Details fetched from user_table successfully.
2019-11-28-main-INFO -com.cg.BankingSystem.dao.AdminDaoImpl:AdminDao.findCustomer(): Details fetched from customer and account_master tables successfully.
2019-11-28-main-INFO -com.cg.BankingSystem.dao.AdminDaoImpl:AdminDao.saveExistingUser(): Adding new account into accounts_master table for existing user successful.
2019-11-28-main-INFO -com.cg.BankingSystem.dao.AdminDaoImpl:Create new account method initiated in DAO Layer.
2019-11-28-main-INFO -com.cg.BankingSystem.dao.AdminDaoImpl:AdminDao.createNewAccount(): New account added to account_master table for creating new account.
2019-11-28-main-INFO -com.cg.BankingSystem.dao.AdminDaoImpl:AdminDao.createNewAccount(): User details for CC185 entered in account_master table.
2019-11-28-main-INFO -com.cg.BankingSystem.dao.AdminDaoImpl:AdminDao.createNewAccount(): New account added to customer table for creating new account.
2019-11-28-main-INFO -com.cg.BankingSystem.dao.AdminDaoImpl:AdminDao.createNewAccount(): User details for CC185 entered in customer table.
2019-11-28-main-INFO -com.cg.BankingSystem.dao.AdminDaoImpl:AdminDao.createNewAccount(): New account added to user_table for creating new account.
2019-11-28-main-INFO -com.cg.BankingSystem.dao.AdminDaoImpl:AdminDao.createNewAccount(): User details for CC185 entered in user_table.
2019-11-28-main-ERROR-com.cg.BankingSystem.dao.AdminDaoImpl:NoTransactionsExistException thrown is AdminDao.listTransactions() method with cause: No transactions found for user: 1010
2019-11-28-main-ERROR-com.cg.BankingSystem.dao.AdminDaoImpl:InvalidCredentialsException thrown is AdminDao.authenticateUser() method with cause: Invalid Credentials! Please enter valid credentials.
2019-11-28-main-INFO -com.cg.BankingSystem.dao.AdminDaoImpl:AdminDao.findCustomer(): Details fetched from user_table successfully.
2019-11-28-main-INFO -com.cg.BankingSystem.dao.AdminDaoImpl:AdminDao.findCustomer(): Details fetched from customer and account_master tables successfully.
2019-11-28-main-INFO -com.cg.BankingSystem.dao.AdminDaoImpl:AdminDao.findCustomer(): Details fetched from user_table successfully.
2019-11-28-main-INFO -com.cg.BankingSystem.dao.AdminDaoImpl:AdminDao.findCustomer(): Details fetched from customer and account_master tables successfully.
2019-11-28-main-INFO -com.cg.BankingSystem.dao.AdminDaoImpl:AdminDao.saveExistingUser(): Adding new account into accounts_master table for existing user successful.
2019-11-28-main-INFO -com.cg.BankingSystem.dao.AdminDaoImpl:Create new account method initiated in DAO Layer.
2019-11-28-main-INFO -com.cg.BankingSystem.dao.AdminDaoImpl:AdminDao.createNewAccount(): New account added to account_master table for creating new account.
2019-11-28-main-INFO -com.cg.BankingSystem.dao.AdminDaoImpl:AdminDao.createNewAccount(): User details for CC185 entered in account_master table.
2019-11-28-main-INFO -com.cg.BankingSystem.dao.AdminDaoImpl:AdminDao.createNewAccount(): New account added to customer table for creating new account.
2019-11-28-main-INFO -com.cg.BankingSystem.dao.AdminDaoImpl:AdminDao.createNewAccount(): User details for CC185 entered in customer table.
2019-11-28-main-INFO -com.cg.BankingSystem.dao.AdminDaoImpl:AdminDao.createNewAccount(): New account added to user_table for creating new account.
2019-11-28-main-INFO -com.cg.BankingSystem.dao.AdminDaoImpl:AdminDao.createNewAccount(): User details for CC185 entered in user_table.
2019-11-28-main-ERROR-com.cg.BankingSystem.dao.AdminDaoImpl:InvalidCredentialsException thrown is AdminDao.authenticateUser() method with cause: Invalid Credentials! Please enter valid credentials.
2019-11-28-main-INFO -com.cg.BankingSystem.dao.AdminDaoImpl:AdminDao.findCustomer(): Details fetched from user_table successfully.
2019-11-28-main-INFO -com.cg.BankingSystem.dao.AdminDaoImpl:AdminDao.findCustomer(): Details fetched from customer and account_master tables successfully.
2019-11-28-main-INFO -com.cg.BankingSystem.dao.AdminDaoImpl:AdminDao.findCustomer(): Details fetched from user_table successfully.
2019-11-28-main-INFO -com.cg.BankingSystem.dao.AdminDaoImpl:AdminDao.findCustomer(): Details fetched from customer and account_master tables successfully.
2019-11-28-main-INFO -com.cg.BankingSystem.dao.AdminDaoImpl:AdminDao.saveExistingUser(): Adding new account into accounts_master table for existing user successful.
2019-11-28-main-INFO -com.cg.BankingSystem.dao.AdminDaoImpl:Create new account method initiated in DAO Layer.
2019-11-28-main-INFO -com.cg.BankingSystem.dao.AdminDaoImpl:AdminDao.createNewAccount(): New account added to account_master table for creating new account.
2019-11-28-main-INFO -com.cg.BankingSystem.dao.AdminDaoImpl:AdminDao.createNewAccount(): User details for CC185 entered in account_master table.
2019-11-28-main-INFO -com.cg.BankingSystem.dao.AdminDaoImpl:AdminDao.createNewAccount(): New account added to customer table for creating new account.
2019-11-28-main-INFO -com.cg.BankingSystem.dao.AdminDaoImpl:AdminDao.createNewAccount(): User details for CC185 entered in customer table.
2019-11-28-main-INFO -com.cg.BankingSystem.dao.AdminDaoImpl:AdminDao.createNewAccount(): New account added to user_table for creating new account.
2019-11-28-main-INFO -com.cg.BankingSystem.dao.AdminDaoImpl:AdminDao.createNewAccount(): User details for CC185 entered in user_table.
2019-11-28-main-INFO -com.cg.BankingSystem.dao.AdminDaoImpl:Admin logged in successfully at: 2019-11-28T10:56:07.789800800
2019-11-28-main-INFO -com.cg.BankingSystem.dao.AdminDaoImpl:AdminDao.findCustomer(): Details fetched from user_table successfully.
2019-11-28-main-INFO -com.cg.BankingSystem.dao.AdminDaoImpl:AdminDao.findCustomer(): Details fetched from customer and account_master tables successfully.
2019-11-28-main-ERROR-com.cg.BankingSystem.dao.CustomerDaoImpl:InvalidCredentialsException thrown in CustomerDao.authenticateUser() method with cause: Invalid Credentials! Please enter valid credentials.
2019-11-28-main-INFO -com.cg.BankingSystem.dao.AdminDaoImpl:Admin logged in successfully at: 2019-11-28T14:07:31.922344100
2019-11-28-main-INFO -com.cg.BankingSystem.dao.AdminDaoImpl:Create new account method initiated in DAO Layer.
2019-11-28-main-INFO -com.cg.BankingSystem.dao.AdminDaoImpl:AdminDao.createNewAccount(): New account added to account_master table for creating new account.
2019-11-28-main-INFO -com.cg.BankingSystem.dao.AdminDaoImpl:AdminDao.createNewAccount(): User details for CC12345 entered in account_master table.
2019-11-28-main-INFO -com.cg.BankingSystem.dao.AdminDaoImpl:AdminDao.createNewAccount(): New account added to customer table for creating new account.
2019-11-28-main-INFO -com.cg.BankingSystem.dao.AdminDaoImpl:AdminDao.createNewAccount(): User details for CC12345 entered in customer table.
2019-11-28-main-INFO -com.cg.BankingSystem.dao.AdminDaoImpl:AdminDao.createNewAccount(): New account added to user_table for creating new account.
2019-11-28-main-INFO -com.cg.BankingSystem.dao.AdminDaoImpl:AdminDao.createNewAccount(): User details for CC12345 entered in user_table.
2019-11-28-main-INFO -com.cg.BankingSystem.dao.AdminDaoImpl:AdminDao.findCustomer(): Details fetched from user_table successfully.
2019-11-28-main-INFO -com.cg.BankingSystem.dao.AdminDaoImpl:AdminDao.findCustomer(): Details fetched from customer and account_master tables successfully.
2019-11-28-main-INFO -com.cg.BankingSystem.dao.AdminDaoImpl:AdminDao.saveExistingUser(): Adding new account into accounts_master table for existing user successful.
